# JRE version: Java(TM) SE Runtime Environment (8.0_144-b01) (build 1.8.0_144-b01)
# Java VM: Java HotSpot(TM) Client VM (25.144-b01 mixed mode windows-x86 )
Heap:
 def new generation   total 157248K, used 157247K [0x07200000, 0x11ca0000, 0x11ca0000)
  eden space 139776K,  99% used [0x07200000, 0x0fa7fff8, 0x0fa80000)
  from space 17472K,  99% used [0x10b90000, 0x11c9fff8, 0x11ca0000)
  to   space 17472K,   0% used [0x0fa80000, 0x0fa80000, 0x10b90000)
 tenured generation   total 349568K, used 349568K [0x11ca0000, 0x27200000, 0x27200000)
   the space 349568K, 100% used [0x11ca0000, 0x27200000, 0x27200000, 0x27200000)
 Metaspace       used 19392K, capacity 19831K, committed 19968K, reserved 20864K
GC Heap History (10 events):
Event: 8027.980 GC heap before
{Heap before GC invocations=137 (full 47):
 def new generation   total 157248K, used 157247K [0x07200000, 0x11ca0000, 0x11ca0000)
  eden space 139776K,  99% used [0x07200000, 0x0fa7fff8, 0x0fa80000)
  from space 17472K,  99% used [0x10b90000, 0x11c9ffe8, 0x11ca0000)
  to   space 17472K,   0% used [0x0fa80000, 0x0fa80000, 0x10b90000)
 tenured generation   total 349568K, used 349567K [0x11ca0000, 0x27200000, 0x27200000)
   the space 349568K,  99% used [0x11ca0000, 0x271ffff8, 0x27200000, 0x27200000)
 Metaspace       used 19392K, capacity 19831K, committed 19968K, reserved 20864K
Event: 8028.571 GC heap after
Heap after GC invocations=138 (full 48):
 def new generation   total 157248K, used 157240K [0x07200000, 0x11ca0000, 0x11ca0000)
  eden space 139776K,  99% used [0x07200000, 0x0fa7fff8, 0x0fa80000)
  from space 17472K,  99% used [0x10b90000, 0x11c9e268, 0x11ca0000)
  to   space 17472K,   0% used [0x0fa80000, 0x0fa80000, 0x10b90000)
 tenured generation   total 349568K, used 349560K [0x11ca0000, 0x27200000, 0x27200000)
   the space 349568K,  99% used [0x11ca0000, 0x271fe1d8, 0x271fe200, 0x27200000)
 Metaspace       used 19392K, capacity 19831K, committed 19968K, reserved 20864K
}
Event: 8028.571 GC heap before
{Heap before GC invocations=138 (full 48):
 def new generation   total 157248K, used 157247K [0x07200000, 0x11ca0000, 0x11ca0000)
  eden space 139776K,  99% used [0x07200000, 0x0fa7fff8, 0x0fa80000)
  from space 17472K, 100% used [0x10b90000, 0x11ca0000, 0x11ca0000)
  to   space 17472K,   0% used [0x0fa80000, 0x0fa80000, 0x10b90000)
 tenured generation   total 349568K, used 349567K [0x11ca0000, 0x27200000, 0x27200000)
   the space 349568K,  99% used [0x11ca0000, 0x271fffe8, 0x27200000, 0x27200000)
 Metaspace       used 19392K, capacity 19831K, committed 19968K, reserved 20864K
Event: 8029.169 GC heap after
Heap after GC invocations=139 (full 49):
 def new generation   total 157248K, used 157241K [0x07200000, 0x11ca0000, 0x11ca0000)
  eden space 139776K,  99% used [0x07200000, 0x0fa7fff8, 0x0fa80000)
  from space 17472K,  99% used [0x10b90000, 0x11c9e500, 0x11ca0000)
  to   space 17472K,   0% used [0x0fa80000, 0x0fa80000, 0x10b90000)
 tenured generation   total 349568K, used 349567K [0x11ca0000, 0x27200000, 0x27200000)
   the space 349568K,  99% used [0x11ca0000, 0x271fffe8, 0x27200000, 0x27200000)
 Metaspace       used 19392K, capacity 19831K, committed 19968K, reserved 20864K
}
Event: 8029.169 GC heap before
{Heap before GC invocations=139 (full 49):
 def new generation   total 157248K, used 157247K [0x07200000, 0x11ca0000, 0x11ca0000)
  eden space 139776K,  99% used [0x07200000, 0x0fa7fff8, 0x0fa80000)
  from space 17472K,  99% used [0x10b90000, 0x11c9ff90, 0x11ca0000)
  to   space 17472K,   0% used [0x0fa80000, 0x0fa80000, 0x10b90000)
 tenured generation   total 349568K, used 349567K [0x11ca0000, 0x27200000, 0x27200000)
   the space 349568K,  99% used [0x11ca0000, 0x271fffe8, 0x27200000, 0x27200000)
 Metaspace       used 19392K, capacity 19831K, committed 19968K, reserved 20864K
Event: 8029.758 GC heap after
Heap after GC invocations=140 (full 50):
 def new generation   total 157248K, used 157241K [0x07200000, 0x11ca0000, 0x11ca0000)
  eden space 139776K,  99% used [0x07200000, 0x0fa7fff8, 0x0fa80000)
  from space 17472K,  99% used [0x10b90000, 0x11c9e500, 0x11ca0000)
  to   space 17472K,   0% used [0x0fa80000, 0x0fa80000, 0x10b90000)
 tenured generation   total 349568K, used 349567K [0x11ca0000, 0x27200000, 0x27200000)
   the space 349568K,  99% used [0x11ca0000, 0x271fffe8, 0x27200000, 0x27200000)
 Metaspace       used 19392K, capacity 19831K, committed 19968K, reserved 20864K
}
Event: 8029.758 GC heap before
{Heap before GC invocations=140 (full 50):
 def new generation   total 157248K, used 157245K [0x07200000, 0x11ca0000, 0x11ca0000)
  eden space 139776K,  99% used [0x07200000, 0x0fa7fff8, 0x0fa80000)
  from space 17472K,  99% used [0x10b90000, 0x11c9f4b8, 0x11ca0000)
  to   space 17472K,   0% used [0x0fa80000, 0x0fa80000, 0x10b90000)
 tenured generation   total 349568K, used 349567K [0x11ca0000, 0x27200000, 0x27200000)
   the space 349568K,  99% used [0x11ca0000, 0x271fffe8, 0x27200000, 0x27200000)
 Metaspace       used 19392K, capacity 19831K, committed 19968K, reserved 20864K
Event: 8030.367 GC heap after
Heap after GC invocations=141 (full 51):
 def new generation   total 157248K, used 157227K [0x07200000, 0x11ca0000, 0x11ca0000)
  eden space 139776K,  99% used [0x07200000, 0x0fa7fff8, 0x0fa80000)
  from space 17472K,  99% used [0x10b90000, 0x11c9aeb0, 0x11ca0000)
  to   space 17472K,   0% used [0x0fa80000, 0x0fa80000, 0x10b90000)
 tenured generation   total 349568K, used 349567K [0x11ca0000, 0x27200000, 0x27200000)
   the space 349568K,  99% used [0x11ca0000, 0x271fffe8, 0x27200000, 0x27200000)
 Metaspace       used 19392K, capacity 19831K, committed 19968K, reserved 20864K
}
Event: 8030.367 GC heap before
{Heap before GC invocations=141 (full 51):
 def new generation   total 157248K, used 157227K [0x07200000, 0x11ca0000, 0x11ca0000)
  eden space 139776K,  99% used [0x07200000, 0x0fa7fff8, 0x0fa80000)
  from space 17472K,  99% used [0x10b90000, 0x11c9aeb0, 0x11ca0000)
  to   space 17472K,   0% used [0x0fa80000, 0x0fa80000, 0x10b90000)
 tenured generation   total 349568K, used 349567K [0x11ca0000, 0x27200000, 0x27200000)
   the space 349568K,  99% used [0x11ca0000, 0x271fffe8, 0x27200000, 0x27200000)
 Metaspace       used 19392K, capacity 19831K, committed 19968K, reserved 20864K
Event: 8030.979 GC heap after
Heap after GC invocations=142 (full 52):
 def new generation   total 157248K, used 157227K [0x07200000, 0x11ca0000, 0x11ca0000)
  eden space 139776K,  99% used [0x07200000, 0x0fa7fff8, 0x0fa80000)
  from space 17472K,  99% used [0x10b90000, 0x11c9aeb0, 0x11ca0000)
  to   space 17472K,   0% used [0x0fa80000, 0x0fa80000, 0x10b90000)
 tenured generation   total 349568K, used 349561K [0x11ca0000, 0x27200000, 0x27200000)
   the space 349568K,  99% used [0x11ca0000, 0x271fe518, 0x271fe600, 0x27200000)
 Metaspace       used 19392K, capacity 19831K, committed 19968K, reserved 20864K
}

